Start testing: May 02 17:03 CEST
----------------------------------------------------------
1/1 Testing: RunMapBuilder
1/1 Test: RunMapBuilder
Command: "/home/mfischer/Marek/Work/DeepVertic/Tools/MapBuilder/MapBuilder"
Directory: /home/mfischer/Marek/Work/DeepVertic/Tools/MapBuilder
"RunMapBuilder" start time: May 02 17:03 CEST
Output:
----------------------------------------------------------
<end of output>
Test time =  51.26 sec
----------------------------------------------------------
Test Passed.
"RunMapBuilder" end time: May 02 17:03 CEST
"RunMapBuilder" time elapsed: 00:00:51
----------------------------------------------------------

End testing: May 02 17:03 CEST
